Arguments: 
  D:\Download\nodejs\node.exe D:\Download\nodejs\node_global\node_modules\yarn\bin\yarn.js init

PATH: 
  C:\Users\86137\bin;C:\Program Files\Git\mingw64\bin;C:\Program Files\Git\usr\local\bin;C:\Program Files\Git\usr\bin;C:\Program Files\Git\usr\bin;C:\Program Files\Git\mingw64\bin;C:\Program Files\Git\usr\bin;C:\Users\86137\bin;C:\Users\86137\AppData\Local\Programs\Python\Python38\Scripts;C:\Users\86137\AppData\Local\Programs\Python\Python38;C:\Program Files\NVIDIA GPU Computing Toolkit\CUDA\v10.0\bin;C:\Program Files\NVIDIA GPU Computing Toolkit\CUDA\v10.0\libnvvp;D:\Download\MPI\Bin;C:\Program Files\NVIDIA GPU Computing Toolkit\CUDA\v11.2\bin;C:\Program Files\NVIDIA GPU Computing Toolkit\CUDA\v11.2\libnvvp;C:\Program Files (x86)\Common Files\Oracle\Java\javapath;C:\Windows\system32;C:\Windows;C:\Windows\System32\Wbem;C:\Windows\System32\WindowsPowerShell\v1.0;C:\Windows\System32\OpenSSH;C:\Program Files\Intel\WiFi\bin;C:\Program Files\Common Files\Intel\WirelessCommon;C:\Program Files\NVIDIA Corporation\NVIDIA NvDLISR;C:\Program Files\MySQL\MySQL Server 8.0\bin;D:\Download\Java\jdk1.8.0_281\bin;C:\ProgramData\chocolatey\bin;C:\Download\Anaconda\Anaconda3;C:\Download\java\jdk1.8\bin;D:\Download\Anaconda\Anaconda3\Scripts;D:\Download\Anaconda\Anaconda3\Library\bin;D:\Download\Anaconda\Anaconda3\Library\mingw-w64\bin;C:\Program Files (x86)\NVIDIA Corporation\PhysX\Common;C:\Program Files\Git\cmd;D:\Download\nvm;D:\Download\nodejs;D:\Download\nodejs\node_global;D:\Download\apache-tomcat-8.5.73\bin;D:\Download\apache-tomcat-8.5.73\lib;D:\Download\redis;C:\Download\flutter\bin;C:\Download\flutter\bin\cache\dart-sdk;C:\Program Files (x86)\Tencent\wxDeveloper\dll;C:\Program Files (x86)\NetSarang\Xshell 7;D:\Download\Anaconda\Anaconda3;D:\Download\java\jdk1.8\bin;D:\Download\ffmpeg\ffmpeg-5.1.2-essentials_build\bin;C:\Users\86137\AppData\Local\Programs\Python\Python39\Scripts;C:\Users\86137\AppData\Local\Programs\Python\Python39;C:\Users\86137\AppData\Local\Microsoft\WindowsApps;C:\Program Files\JetBrains\PyCharm 2020.1\bin;D:\Python\pycharm\PyCharm Community Edition\PyCharm Community Edition 2020.2.2\bin;D:\下载\vscode\Microsoft VS Code\bin;C:\Users\86137\Roaming\npm;D:\Download\ffmpeg\ffmpeg-6.0-essentials_build\bin;C:\Program Files\Git\usr\bin\vendor_perl;C:\Program Files\Git\usr\bin\core_perl

Yarn version: 
  1.22.19

Node version: 
  16.18.0

Platform: 
  win32 x64

Trace: 
  Error: canceled
      at Interface.<anonymous> (D:\Download\nvm\v16.18.0\node_global\node_modules\yarn\lib\cli.js:137150:13)
      at Interface.emit (node:events:513:28)
      at Interface._ttyWrite (node:readline:1085:16)
      at ReadStream.onkeypress (node:readline:291:10)
      at ReadStream.emit (node:events:513:28)
      at emitKeys (node:internal/readline/utils:357:14)
      at emitKeys.next (<anonymous>)
      at ReadStream.onData (node:internal/readline/emitKeypressEvents:61:36)
      at ReadStream.emit (node:events:513:28)
      at addChunk (node:internal/streams/readable:315:12)

npm manifest: 
  No manifest

yarn manifest: 
  No manifest

Lockfile: 
  No lockfile
